<?xml version="1.0" encoding="UTF-8"?>
<!-- Generated by org.testng.reporters.JUnitReportReporter -->
<testsuite skipped="0" hostname="AGSC0376" name="testcase4_UpdateRofile" tests="3" failures="0" timestamp="13 Jul 2019 23:52:48 GMT" time="89.880" errors="0">
  <testcase name="test_signinEdureka" time="14.355" classname="testcase4_UpdateRofile"/>
  <testcase name="test_Course" time="61.737" classname="testcase4_UpdateRofile"/>
  <testcase name="test_userLogOut" time="13.788" classname="testcase4_UpdateRofile"/>
</testsuite> <!-- testcase4_UpdateRofile -->
