<?xml version="1.0" encoding="UTF-8"?>
<!-- Generated by org.testng.reporters.JUnitReportReporter -->
<testsuite skipped="0" hostname="AGSC0376" name="testcase_ExploreCourse" tests="3" failures="0" timestamp="12 Jul 2019 22:52:56 GMT" time="38.944" errors="0">
  <testcase name="test_signinEdureka" time="10.447" classname="testcase_ExploreCourse"/>
  <testcase name="test_validateMyCourse" time="18.925" classname="testcase_ExploreCourse"/>
  <testcase name="test_userLogOut" time="9.572" classname="testcase_ExploreCourse"/>
</testsuite> <!-- testcase_ExploreCourse -->
