<?xml version="1.0" encoding="UTF-8"?>
<!-- Generated by org.testng.reporters.JUnitReportReporter -->
<testsuite skipped="0" hostname="AGSC0376" name="testcase2_ExploreBlogs" tests="3" failures="0" timestamp="13 Jul 2019 01:18:35 GMT" time="54.223" errors="0">
  <testcase name="test_signinEdureka" time="11.165" classname="testcase2_ExploreBlogs"/>
  <testcase name="test_blog" time="43.054" classname="testcase2_ExploreBlogs"/>
  <testcase name="test_userLogOut" time="0.004" classname="testcase2_ExploreBlogs"/>
</testsuite> <!-- testcase2_ExploreBlogs -->
